                        .module string.c
                        .area lit(rom, con, rel)
 0000           _strVersion::
 0000 32303137303632322062792076657273  .byte 50,48,49,55,48,54,50,50,32,'b,'y,32,'v,'e,'r,'s
 0010 696F6E20312E302E302E3700  .byte 'i,'o,'n,32,49,46,48,46,48,46,55,0
 001C           _strM0100::
 001C 2A30313030205241503031506F776572  .byte 42,48,49,48,48,32,'R,'A,'P,48,49,'P,'o,'w,'e,'r
 002C 4F6E00            .byte 'O,'n,0
 002F           _strM0101::
 002F 2A303130312050415230315374617274  .byte 42,48,49,48,49,32,'P,'A,'R,48,49,'S,'t,'a,'r,'t
 003F 00                .byte 0
 0040           _strM0102::
 0040 2A3031303220536C6176654F4B00      .byte 42,48,49,48,50,32,'S,'l,'a,'v,'e,'O,'K,0
 004E           _strM0103::
 004E 2A3031303320536C617665436F6E6669  .byte 42,48,49,48,51,32,'S,'l,'a,'v,'e,'C,'o,'n,'f,'i
 005E 674F4B00          .byte 'g,'O,'K,0
 0062           _strM0104::
 0062 2A303130342052415030315374617274  .byte 42,48,49,48,52,32,'R,'A,'P,48,49,'S,'t,'a,'r,'t
 0072 4F4B00            .byte 'O,'K,0
 0075           _strM0105::
 0075 2A30313035205265636F76657200      .byte 42,48,49,48,53,32,'R,'e,'c,'o,'v,'e,'r,0
 0083           _strM0106::
 0083 2A303130362053757370656E6400      .byte 42,48,49,48,54,32,'S,'u,'s,'p,'e,'n,'d,0
 0091           _strM0110::
 0091 2A303131302043757272656E74576F72  .byte 42,48,49,49,48,32,'C,'u,'r,'r,'e,'n,'t,'W,'o,'r
 00A1 6B00              .byte 'k,0
 00A3           _strM0111::
 00A3 2A303131312053746F726548756D6974  .byte 42,48,49,49,49,32,'S,'t,'o,'r,'e,'H,'u,'m,'i,'t
 00B3 75726500          .byte 'u,'r,'e,0
 00B7           _strM0112::
 00B7 2A30313132204361726453746F726542  .byte 42,48,49,49,50,32,'C,'a,'r,'d,'S,'t,'o,'r,'e,'B
 00C7 75737900          .byte 'u,'s,'y,0
 00CB           _strM0199::
 00CB 2A30313939205265537461727400      .byte 42,48,49,57,57,32,'R,'e,'S,'t,'a,'r,'t,0
 00D9           _strM0200::
 00D9 2A30323030204475737462696E537461  .byte 42,48,50,48,48,32,'D,'u,'s,'t,'b,'i,'n,'S,'t,'a
 00E9 746500            .byte 't,'e,0
 00EC           _strE0901::
 00EC 213039303120536C617665436F6E6E65  .byte 33,48,57,48,49,32,'S,'l,'a,'v,'e,'C,'o,'n,'n,'e
 00FC 63744572726F7200  .byte 'c,'t,'E,'r,'r,'o,'r,0
 0104           _strE0902::
 0104 213039303220536C617665436F6E6669  .byte 33,48,57,48,50,32,'S,'l,'a,'v,'e,'C,'o,'n,'f,'i
 0114 674572726F7200    .byte 'g,'E,'r,'r,'o,'r,0
 011B           _strE0903::
 011B 21303930332052415030315374617274  .byte 33,48,57,48,51,32,'R,'A,'P,48,49,'S,'t,'a,'r,'t
 012B 4661696C00        .byte 'F,'a,'i,'l,0
 0130           _strE0910::
 0130 21303931302053746F72654F70656E45  .byte 33,48,57,49,48,32,'S,'t,'o,'r,'e,'O,'p,'e,'n,'E
 0140 72726F7200        .byte 'r,'r,'o,'r,0
 0145           _strM1101::
 0145 2A31313031204D616368696E65526561  .byte 42,49,49,48,49,32,'M,'a,'c,'h,'i,'n,'e,'R,'e,'a
 0155 6400              .byte 'd,0
 0157           _strE1901::
 0157 2131393031204D6F746F724572726F72  .byte 33,49,57,48,49,32,'M,'o,'t,'o,'r,'E,'r,'r,'o,'r
 0167 00                .byte 0
 0168           _strE1910::
 0168 2131393130205475726E706C6174654D  .byte 33,49,57,49,48,32,'T,'u,'r,'n,'p,'l,'a,'t,'e,'M
 0178 6F746F724C6F736500        .byte 'o,'t,'o,'r,'L,'o,'s,'e,0
 0181           _strE1911::
 0181 21313931312053616D706C696E675475  .byte 33,49,57,49,49,32,'S,'a,'m,'p,'l,'i,'n,'g,'T,'u
 0191 726E4D6F746F724C6F736500  .byte 'r,'n,'M,'o,'t,'o,'r,'L,'o,'s,'e,0
 019D           _strE1912::
 019D 21313931322053616D706C696E674E65  .byte 33,49,57,49,50,32,'S,'a,'m,'p,'l,'i,'n,'g,'N,'e
 01AD 65646C654D6F746F724C6F736500      .byte 'e,'d,'l,'e,'M,'o,'t,'o,'r,'L,'o,'s,'e,0
 01BB           _strE1913::
 01BB 213139313320436172644C6F6164696E  .byte 33,49,57,49,51,32,'C,'a,'r,'d,'L,'o,'a,'d,'i,'n
 01CB 674D6F746F724C6F736500    .byte 'g,'M,'o,'t,'o,'r,'L,'o,'s,'e,0
 01D6           _strE1914::
 01D6 21313931342043617264556E4C6F6164  .byte 33,49,57,49,52,32,'C,'a,'r,'d,'U,'n,'L,'o,'a,'d
 01E6 696E674D6F746F724C6F736500        .byte 'i,'n,'g,'M,'o,'t,'o,'r,'L,'o,'s,'e,0
 01F3           _strE1915::
 01F3 213139313520436172644C6966746572  .byte 33,49,57,49,53,32,'C,'a,'r,'d,'L,'i,'f,'t,'e,'r
 0203 414D6F746F724C6F736500    .byte 'A,'M,'o,'t,'o,'r,'L,'o,'s,'e,0
 020E           _strE1916::
 020E 213139313620436172644C6966746572  .byte 33,49,57,49,54,32,'C,'a,'r,'d,'L,'i,'f,'t,'e,'r
 021E 424D6F746F724C6F736500    .byte 'B,'M,'o,'t,'o,'r,'L,'o,'s,'e,0
 0229           _strE1917::
 0229 2131393137204361726453746F72654D  .byte 33,49,57,49,55,32,'C,'a,'r,'d,'S,'t,'o,'r,'e,'M
 0239 6F76654D6F746F724C6F736500        .byte 'o,'v,'e,'M,'o,'t,'o,'r,'L,'o,'s,'e,0
 0246           _strE1918::
 0246 21313931382044696C75746550756D70  .byte 33,49,57,49,56,32,'D,'i,'l,'u,'t,'e,'P,'u,'m,'p
 0256 4D6F746F724C6F736500      .byte 'M,'o,'t,'o,'r,'L,'o,'s,'e,0
 0260           _strE1919::
 0260 2131393139204C65616E657250756D70  .byte 33,49,57,49,57,32,'L,'e,'a,'n,'e,'r,'P,'u,'m,'p
 0270 4D6F746F724C6F736500      .byte 'M,'o,'t,'o,'r,'L,'o,'s,'e,0
 027A           _strE1920::
 027A 2131393230204566666C75656E745075  .byte 33,49,57,50,48,32,'E,'f,'f,'l,'u,'e,'n,'t,'P,'u
 028A 6D704D6F746F724C6F736500  .byte 'm,'p,'M,'o,'t,'o,'r,'L,'o,'s,'e,0
 0296           _strE1921::
 0296 21313932312053616D706C696E675379  .byte 33,49,57,50,49,32,'S,'a,'m,'p,'l,'i,'n,'g,'S,'y
 02A6 72696E676D6F746F724C6F736500      .byte 'r,'i,'n,'g,'m,'o,'t,'o,'r,'L,'o,'s,'e,0
 02B4           _strE1930::
 02B4 2131393330205475726E706C6174654D  .byte 33,49,57,51,48,32,'T,'u,'r,'n,'p,'l,'a,'t,'e,'M
 02C4 6F746F724572726F7200      .byte 'o,'t,'o,'r,'E,'r,'r,'o,'r,0
 02CE           _strE1931::
 02CE 21313933312053616D706C696E675475  .byte 33,49,57,51,49,32,'S,'a,'m,'p,'l,'i,'n,'g,'T,'u
 02DE 726E4D6F746F724572726F7200        .byte 'r,'n,'M,'o,'t,'o,'r,'E,'r,'r,'o,'r,0
 02EB           _strE1932::
 02EB 21313933322053616D706C696E674E65  .byte 33,49,57,51,50,32,'S,'a,'m,'p,'l,'i,'n,'g,'N,'e
 02FB 65646C654D6F746F724572726F7200    .byte 'e,'d,'l,'e,'M,'o,'t,'o,'r,'E,'r,'r,'o,'r,0
 030A           _strE1933::
 030A 213139333320436172644C6F6164696E  .byte 33,49,57,51,51,32,'C,'a,'r,'d,'L,'o,'a,'d,'i,'n
 031A 674D6F746F724572726F7200  .byte 'g,'M,'o,'t,'o,'r,'E,'r,'r,'o,'r,0
 0326           _strE1934::
 0326 21313933342043617264556E4C6F6164  .byte 33,49,57,51,52,32,'C,'a,'r,'d,'U,'n,'L,'o,'a,'d
 0336 696E674D6F746F724572726F7200      .byte 'i,'n,'g,'M,'o,'t,'o,'r,'E,'r,'r,'o,'r,0
 0344           _strE1935::
 0344 213139333520436172644C6966746572  .byte 33,49,57,51,53,32,'C,'a,'r,'d,'L,'i,'f,'t,'e,'r
 0354 414D6F746F724572726F7200  .byte 'A,'M,'o,'t,'o,'r,'E,'r,'r,'o,'r,0
 0360           _strE1936::
 0360 213139333620436172644C6966746572  .byte 33,49,57,51,54,32,'C,'a,'r,'d,'L,'i,'f,'t,'e,'r
 0370 424D6F746F724572726F7200  .byte 'B,'M,'o,'t,'o,'r,'E,'r,'r,'o,'r,0
 037C           _strE1937::
 037C 2131393337204361726453746F72654D  .byte 33,49,57,51,55,32,'C,'a,'r,'d,'S,'t,'o,'r,'e,'M
 038C 6F76654D6F746F724572726F7200      .byte 'o,'v,'e,'M,'o,'t,'o,'r,'E,'r,'r,'o,'r,0
 039A           _strE1938::
 039A 21313933382044696C75746550756D70  .byte 33,49,57,51,56,32,'D,'i,'l,'u,'t,'e,'P,'u,'m,'p
 03AA 4D6F746F724572726F7200    .byte 'M,'o,'t,'o,'r,'E,'r,'r,'o,'r,0
 03B5           _strE1939::
 03B5 2131393339204C65616E657250756D70  .byte 33,49,57,51,57,32,'L,'e,'a,'n,'e,'r,'P,'u,'m,'p
 03C5 4D6F746F724572726F7200    .byte 'M,'o,'t,'o,'r,'E,'r,'r,'o,'r,0
 03D0           _strE1940::
 03D0 2131393430204566666C75656E745075  .byte 33,49,57,52,48,32,'E,'f,'f,'l,'u,'e,'n,'t,'P,'u
 03E0 6D704D6F746F724572726F7200        .byte 'm,'p,'M,'o,'t,'o,'r,'E,'r,'r,'o,'r,0
 03ED           _strE1941::
 03ED 21313934312053616D706C696E675379  .byte 33,49,57,52,49,32,'S,'a,'m,'p,'l,'i,'n,'g,'S,'y
 03FD 72696E676D6F746F724572726F7200    .byte 'r,'i,'n,'g,'m,'o,'t,'o,'r,'E,'r,'r,'o,'r,0
 040C           _strM2100::
 040C 2A323130302053746172744C69717569  .byte 42,50,49,48,48,32,'S,'t,'a,'r,'t,'L,'i,'q,'u,'i
 041C 64436865636B00    .byte 'd,'C,'h,'e,'c,'k,0
 0423           _strM2101::
 0423 2A32313031205072696D696E674C6561  .byte 42,50,49,48,49,32,'P,'r,'i,'m,'i,'n,'g,'L,'e,'a
 0433 6E6572446F6E6500  .byte 'n,'e,'r,'D,'o,'n,'e,0
 043B           _strM2102::
 043B 2A32313032205072696D696E6744696C  .byte 42,50,49,48,50,32,'P,'r,'i,'m,'i,'n,'g,'D,'i,'l
 044B 75656E74446F6E6500        .byte 'u,'e,'n,'t,'D,'o,'n,'e,0
 0454           _strM2103::
 0454 2A323130332043617264556E6C6F6164  .byte 42,50,49,48,51,32,'C,'a,'r,'d,'U,'n,'l,'o,'a,'d
 0464 496E6974446F6E6500        .byte 'I,'n,'i,'t,'D,'o,'n,'e,0
 046D           _strM2104::
 046D 2A32313034205475726E506C61746549  .byte 42,50,49,48,52,32,'T,'u,'r,'n,'P,'l,'a,'t,'e,'I
 047D 6E6974446F6E6500  .byte 'n,'i,'t,'D,'o,'n,'e,0
 0485           _strM2105::
 0485 2A32313035204C65616E657253757070  .byte 42,50,49,48,53,32,'L,'e,'a,'n,'e,'r,'S,'u,'p,'p
 0495 6C7900            .byte 'l,'y,0
 0498           _strM2106::
 0498 2A323130362044696C75656E74537570  .byte 42,50,49,48,54,32,'D,'i,'l,'u,'e,'n,'t,'S,'u,'p
 04A8 706C7900          .byte 'p,'l,'y,0
 04AC           _strM2107::
 04AC 2A32313037205475726E506C6174655A  .byte 42,50,49,48,55,32,'T,'u,'r,'n,'P,'l,'a,'t,'e,'Z
 04BC 65726F446F6E6500  .byte 'e,'r,'o,'D,'o,'n,'e,0
 04C4           _strM2108::
 04C4 2A32313038204361726453746F72654D  .byte 42,50,49,48,56,32,'C,'a,'r,'d,'S,'t,'o,'r,'e,'M
 04D4 6F7665496E6974446F6E6500  .byte 'o,'v,'e,'I,'n,'i,'t,'D,'o,'n,'e,0
 04E0           _strM2109::
 04E0 2A32313039204E6565646C655570446F  .byte 42,50,49,48,57,32,'N,'e,'e,'d,'l,'e,'U,'p,'D,'o
 04F0 776E496E6974446F6E6500    .byte 'w,'n,'I,'n,'i,'t,'D,'o,'n,'e,0
 04FB           _strM2110::
 04FB 2A323131302044696C75656E7450756D  .byte 42,50,49,49,48,32,'D,'i,'l,'u,'e,'n,'t,'P,'u,'m
 050B 7043616C696256616C756500  .byte 'p,'C,'a,'l,'i,'b,'V,'a,'l,'u,'e,0
 0517           _strM2111::
 0517 2A32313131204C65616E657250756D70  .byte 42,50,49,49,49,32,'L,'e,'a,'n,'e,'r,'P,'u,'m,'p
 0527 43616C696256616C756500    .byte 'C,'a,'l,'i,'b,'V,'a,'l,'u,'e,0
 0532           _strM2112::
 0532 2A32313132204566666C75656E745075  .byte 42,50,49,49,50,32,'E,'f,'f,'l,'u,'e,'n,'t,'P,'u
 0542 6D7043616C696256616C756500        .byte 'm,'p,'C,'a,'l,'i,'b,'V,'a,'l,'u,'e,0
 054F           _strM2113::
 054F 2A32313133204E6565646C655475726E  .byte 42,50,49,49,51,32,'N,'e,'e,'d,'l,'e,'T,'u,'r,'n
 055F 496E6974446F6E6500        .byte 'I,'n,'i,'t,'D,'o,'n,'e,0
 0568           _strM2114::
 0568 2A3231313420506C6174654361726455  .byte 42,50,49,49,52,32,'P,'l,'a,'t,'e,'C,'a,'r,'d,'U
 0578 6E6C6F6164446F6E6500      .byte 'n,'l,'o,'a,'d,'D,'o,'n,'e,0
 0582           _strM2115::
 0582 2A3231313520436172644D6F76654861  .byte 42,50,49,49,53,32,'C,'a,'r,'d,'M,'o,'v,'e,'H,'a
 0592 734361726400      .byte 's,'C,'a,'r,'d,0
 0598           _strM2116::
 0598 2A3231313620436172644D6F76654361  .byte 42,50,49,49,54,32,'C,'a,'r,'d,'M,'o,'v,'e,'C,'a
 05A8 7264556E6C6F6164446F6E6500        .byte 'r,'d,'U,'n,'l,'o,'a,'d,'D,'o,'n,'e,0
 05B5           _strM2117::
 05B5 2A3231313720436172644D6F7665416E  .byte 42,50,49,49,55,32,'C,'a,'r,'d,'M,'o,'v,'e,'A,'n
 05C5 64506C617465526561647900  .byte 'd,'P,'l,'a,'t,'e,'R,'e,'a,'d,'y,0
 05D1           _strM2118::
 05D1 2A323131382053616D7050756D70496E  .byte 42,50,49,49,56,32,'S,'a,'m,'p,'P,'u,'m,'p,'I,'n
 05E1 6974446F6E6500    .byte 'i,'t,'D,'o,'n,'e,0
 05E8           _strM2120::
 05E8 2A32313230204C697175696443686563  .byte 42,50,49,50,48,32,'L,'i,'q,'u,'i,'d,'C,'h,'e,'c
 05F8 6B446F6E6500      .byte 'k,'D,'o,'n,'e,0
 05FE           _strM2150::
 05FE 2A323135302043617044657465637465  .byte 42,50,49,53,48,32,'C,'a,'p,'D,'e,'t,'e,'c,'t,'e
 060E 64436865636B00    .byte 'd,'C,'h,'e,'c,'k,0
 0615           _strE2505::
 0615 2132353035204C65616E65724C61636B  .byte 33,50,53,48,53,32,'L,'e,'a,'n,'e,'r,'L,'a,'c,'k
 0625 00                .byte 0
 0626           _strE2506::
 0626 21323530362044696C75656E744C6163  .byte 33,50,53,48,54,32,'D,'i,'l,'u,'e,'n,'t,'L,'a,'c
 0636 6B00              .byte 'k,0
 0638           _strE2901::
 0638 2132393031205072696D696E674C6561  .byte 33,50,57,48,49,32,'P,'r,'i,'m,'i,'n,'g,'L,'e,'a
 0648 6E65724572726F7200        .byte 'n,'e,'r,'E,'r,'r,'o,'r,0
 0651           _strE2902::
 0651 2132393032205072696D696E6744696C  .byte 33,50,57,48,50,32,'P,'r,'i,'m,'i,'n,'g,'D,'i,'l
 0661 75656E744572726F7200      .byte 'u,'e,'n,'t,'E,'r,'r,'o,'r,0
 066B           _strE2904::
 066B 213239303420576173684C696E654572  .byte 33,50,57,48,52,32,'W,'a,'s,'h,'L,'i,'n,'e,'E,'r
 067B 726F7200          .byte 'r,'o,'r,0
 067F           _strE2905::
 067F 2132393035204E6565646C65724C696E  .byte 33,50,57,48,53,32,'N,'e,'e,'d,'l,'e,'r,'L,'i,'n
 068F 654572726F7200    .byte 'e,'E,'r,'r,'o,'r,0
 0696           _strE2906::
 0696 21323930362044696C75656E744C696E  .byte 33,50,57,48,54,32,'D,'i,'l,'u,'e,'n,'t,'L,'i,'n
 06A6 654572726F7200    .byte 'e,'E,'r,'r,'o,'r,0
 06AD           _strE2908::
 06AD 213239303820447261696E4C696E6545  .byte 33,50,57,48,56,32,'D,'r,'a,'i,'n,'L,'i,'n,'e,'E
 06BD 72726F7200        .byte 'r,'r,'o,'r,0
 06C2           _strE2912::
 06C2 2132393132204566666C75656E745075  .byte 33,50,57,49,50,32,'E,'f,'f,'l,'u,'e,'n,'t,'P,'u
 06D2 6D7043616C69624572726F7200        .byte 'm,'p,'C,'a,'l,'i,'b,'E,'r,'r,'o,'r,0
 06DF           _strE2920::
 06DF 2132393230204C697175696443686563  .byte 33,50,57,50,48,32,'L,'i,'q,'u,'i,'d,'C,'h,'e,'c
 06EF 6B4572726F7200    .byte 'k,'E,'r,'r,'o,'r,0
 06F6           _strE2950::
 06F6 21323935302043617044657465637465  .byte 33,50,57,53,48,32,'C,'a,'p,'D,'e,'t,'e,'c,'t,'e
 0706 644572726F7200    .byte 'd,'E,'r,'r,'o,'r,0
 070D           _strE2951::
 070D 21323935312043617044657465637465  .byte 33,50,57,53,49,32,'C,'a,'p,'D,'e,'t,'e,'c,'t,'e
 071D 64496E76616C696400        .byte 'd,'I,'n,'v,'a,'l,'i,'d,0
 0726           _strE2952::
 0726 21323935322044696C75656E74537570  .byte 33,50,57,53,50,32,'D,'i,'l,'u,'e,'n,'t,'S,'u,'p
 0736 706C79456D70747900        .byte 'p,'l,'y,'E,'m,'p,'t,'y,0
 073F           _strE2953::
 073F 2132393533204C65616E657253757070  .byte 33,50,57,53,51,32,'L,'e,'a,'n,'e,'r,'S,'u,'p,'p
 074F 6C79456D70747900  .byte 'l,'y,'E,'m,'p,'t,'y,0
 0757           _strE2954::
 0757 21323935342044696C75656E74416E64  .byte 33,50,57,53,52,32,'D,'i,'l,'u,'e,'n,'t,'A,'n,'d
 0767 4C65616E6572537570706C79456D7074  .byte 'L,'e,'a,'n,'e,'r,'S,'u,'p,'p,'l,'y,'E,'m,'p,'t
 0777 7900              .byte 'y,0
 0779           _strE2955::
 0779 21323935352044696C75656E74537570  .byte 33,50,57,53,53,32,'D,'i,'l,'u,'e,'n,'t,'S,'u,'p
 0789 706C79427562626C6500      .byte 'p,'l,'y,'B,'u,'b,'b,'l,'e,0
 0793           _strE2956::
 0793 2132393536204C65616E657253757070  .byte 33,50,57,53,54,32,'L,'e,'a,'n,'e,'r,'S,'u,'p,'p
 07A3 6C79427562626C6500        .byte 'l,'y,'B,'u,'b,'b,'l,'e,0
 07AC           _strM3100::
 07AC 2A33313030205374617274757000      .byte 42,51,49,48,48,32,'S,'t,'a,'r,'t,'u,'p,0
 07BA           _strM3101::
 07BA 2A3331303120506C6561736550726573  .byte 42,51,49,48,49,32,'P,'l,'e,'a,'s,'e,'P,'r,'e,'s
 07CA 7353746172744B657900      .byte 's,'S,'t,'a,'r,'t,'K,'e,'y,0
 07D4           _strM3102::
 07D4 2A333130322053616D70526561647900  .byte 42,51,49,48,50,32,'S,'a,'m,'p,'R,'e,'a,'d,'y,0
 07E4           _strM3103::
 07E4 2A333130332053616D706C696E675374  .byte 42,51,49,48,51,32,'S,'a,'m,'p,'l,'i,'n,'g,'S,'t
 07F4 61727400          .byte 'a,'r,'t,0
 07F8           _strM3104::
 07F8 2A333130342053616D706C696E67446F  .byte 42,51,49,48,52,32,'S,'a,'m,'p,'l,'i,'n,'g,'D,'o
 0808 6E6500            .byte 'n,'e,0
 080B           _strM3105::
 080B 2A333130352047657443617264446F6E  .byte 42,51,49,48,53,32,'G,'e,'t,'C,'a,'r,'d,'D,'o,'n
 081B 6500              .byte 'e,0
 081D           _strM3106::
 081D 2A333130362043617264526561647900  .byte 42,51,49,48,54,32,'C,'a,'r,'d,'R,'e,'a,'d,'y,0
 082D           _strM3107::
 082D 2A33313037204D6978696E6731537461  .byte 42,51,49,48,55,32,'M,'i,'x,'i,'n,'g,49,'S,'t,'a
 083D 727400            .byte 'r,'t,0
 0840           _strM3108::
 0840 2A33313038204D6978696E6732537461  .byte 42,51,49,48,56,32,'M,'i,'x,'i,'n,'g,50,'S,'t,'a
 0850 727400            .byte 'r,'t,0
 0853           _strM3109::
 0853 2A33313039204D6978526561647900    .byte 42,51,49,48,57,32,'M,'i,'x,'R,'e,'a,'d,'y,0
 0862           _strM3110::
 0862 2A333131302044657465726D696E616E  .byte 42,51,49,49,48,32,'D,'e,'t,'e,'r,'m,'i,'n,'a,'n
 0872 64526561647900    .byte 'd,'R,'e,'a,'d,'y,0
 0879           _strM3111::
 0879 2A333131312054657374537461727400  .byte 42,51,49,49,49,32,'T,'e,'s,'t,'S,'t,'a,'r,'t,0
 0889           _strM3112::
 0889 2A333131322052656164415374617274  .byte 42,51,49,49,50,32,'R,'e,'a,'d,'A,'S,'t,'a,'r,'t
 0899 00                .byte 0
 089A           _strM3113::
 089A 2A333131332052656164425374617274  .byte 42,51,49,49,51,32,'R,'e,'a,'d,'B,'S,'t,'a,'r,'t
 08AA 00                .byte 0
 08AB           _strM3114::
 08AB 2A33313134205265616441436C6F7365  .byte 42,51,49,49,52,32,'R,'e,'a,'d,'A,'C,'l,'o,'s,'e
 08BB 00                .byte 0
 08BC           _strM3115::
 08BC 2A33313135205265616442436C6F7365  .byte 42,51,49,49,53,32,'R,'e,'a,'d,'B,'C,'l,'o,'s,'e
 08CC 00                .byte 0
 08CD           _strM3116::
 08CD 2A333131362043617264556E6C6F6164  .byte 42,51,49,49,54,32,'C,'a,'r,'d,'U,'n,'l,'o,'a,'d
 08DD 00                .byte 0
 08DE           _strM3117::
 08DE 2A333131372043617264556E6C6F6164  .byte 42,51,49,49,55,32,'C,'a,'r,'d,'U,'n,'l,'o,'a,'d
 08EE 416761696E00      .byte 'A,'g,'a,'i,'n,0
 08F4           _strM3118::
 08F4 2A33313138205761737465436172644E  .byte 42,51,49,49,56,32,'W,'a,'s,'t,'e,'C,'a,'r,'d,'N
 0904 6F6E55736566756C00        .byte 'o,'n,'U,'s,'e,'f,'u,'l,0
 090D           _strM3119::
 090D 2A3331313920576974686F757450756E  .byte 42,51,49,49,57,32,'W,'i,'t,'h,'o,'u,'t,'P,'u,'n
 091D 6374757265537461746500    .byte 'c,'t,'u,'r,'e,'S,'t,'a,'t,'e,0
 0928           _strM3120::
 0928 2A333132302054657374537461746500  .byte 42,51,49,50,48,32,'T,'e,'s,'t,'S,'t,'a,'t,'e,0
 0938           _strM3121::
 0938 2A333132312043757272656E7453616D  .byte 42,51,49,50,49,32,'C,'u,'r,'r,'e,'n,'t,'S,'a,'m
 0948 706C696E67566F6C756D6500  .byte 'p,'l,'i,'n,'g,'V,'o,'l,'u,'m,'e,0
 0954           _strM3122::
 0954 2A333132322043617264496E73657250  .byte 42,51,49,50,50,32,'C,'a,'r,'d,'I,'n,'s,'e,'r,'P
 0964 6C617465446F6E6500        .byte 'l,'a,'t,'e,'D,'o,'n,'e,0
 096D           _strM3123::
 096D 2A333132332043757272656E74576169  .byte 42,51,49,50,51,32,'C,'u,'r,'r,'e,'n,'t,'W,'a,'i
 097D 7450686F746F466C616700    .byte 't,'P,'h,'o,'t,'o,'F,'l,'a,'g,0
 0988           _strM3124::
 0988 2A333132342043757272656E74436172  .byte 42,51,49,50,52,32,'C,'u,'r,'r,'e,'n,'t,'C,'a,'r
 0998 645363616E66506F7300      .byte 'd,'S,'c,'a,'n,'f,'P,'o,'s,0
 09A2           _strM3125::
 09A2 2A333132352053657447657443617264  .byte 42,51,49,50,53,32,'S,'e,'t,'G,'e,'t,'C,'a,'r,'d
 09B2 5465737400        .byte 'T,'e,'s,'t,0
 09B7           _strM3126::
 09B7 2A33313236204361726453746F726547  .byte 42,51,49,50,54,32,'C,'a,'r,'d,'S,'t,'o,'r,'e,'G
 09C7 6574436172645265737461727400      .byte 'e,'t,'C,'a,'r,'d,'R,'e,'s,'t,'a,'r,'t,0
 09D5           _strM3127::
 09D5 2A33313237204361726453746F726547  .byte 42,51,49,50,55,32,'C,'a,'r,'d,'S,'t,'o,'r,'e,'G
 09E5 657443617264446F6E6500    .byte 'e,'t,'C,'a,'r,'d,'D,'o,'n,'e,0
 09F0           _strM3128::
 09F0 2A33313238204361726453746F726547  .byte 42,51,49,50,56,32,'C,'a,'r,'d,'S,'t,'o,'r,'e,'G
 0A00 6574436172644E756D00      .byte 'e,'t,'C,'a,'r,'d,'N,'u,'m,0
 0A0A           _strM3129::
 0A0A 2A3331323920436C6F73654765744361  .byte 42,51,49,50,57,32,'C,'l,'o,'s,'e,'G,'e,'t,'C,'a
 0A1A 72645465737400    .byte 'r,'d,'T,'e,'s,'t,0
 0A21           _strM3130::
 0A21 2A33313330204361726453746F72654F  .byte 42,51,49,51,48,32,'C,'a,'r,'d,'S,'t,'o,'r,'e,'O
 0A31 70656E00          .byte 'p,'e,'n,0
 0A35           _strM3131::
 0A35 2A33313331204361726453746F726543  .byte 42,51,49,51,49,32,'C,'a,'r,'d,'S,'t,'o,'r,'e,'C
 0A45 6C6F736500        .byte 'l,'o,'s,'e,0
 0A4A           _strM3132::
 0A4A 2A33313332204361726453746F726546  .byte 42,51,49,51,50,32,'C,'a,'r,'d,'S,'t,'o,'r,'e,'F
 0A5A 756C6C00          .byte 'u,'l,'l,0
 0A5E           _strM3133::
 0A5E 2A33313333204361726453746F72654C  .byte 42,51,49,51,51,32,'C,'a,'r,'d,'S,'t,'o,'r,'e,'L
 0A6E 6974746C6500      .byte 'i,'t,'t,'l,'e,0
 0A74           _strM3134::
 0A74 2A33313334204361726453746F726545  .byte 42,51,49,51,52,32,'C,'a,'r,'d,'S,'t,'o,'r,'e,'E
 0A84 6D70747900        .byte 'm,'p,'t,'y,0
 0A89           _strM3135::
 0A89 2A3331333520506C65617365436C6F73  .byte 42,51,49,51,53,32,'P,'l,'e,'a,'s,'e,'C,'l,'o,'s
 0A99 654361726453746F726500    .byte 'e,'C,'a,'r,'d,'S,'t,'o,'r,'e,0
 0AA4           _strM3136::
 0AA4 2A333133362043757272656E7444696C  .byte 42,51,49,51,54,32,'C,'u,'r,'r,'e,'n,'t,'D,'i,'l
 0AB4 757465526174696F00        .byte 'u,'t,'e,'R,'a,'t,'i,'o,0
 0ABD           _strM3137::
 0ABD 2A333133372043757272656E74436172  .byte 42,51,49,51,55,32,'C,'u,'r,'r,'e,'n,'t,'C,'a,'r
 0ACD 6453746F72654E756D00      .byte 'd,'S,'t,'o,'r,'e,'N,'u,'m,0
 0AD7           _strM3138::
 0AD7 2A333133382043757272656E74526561  .byte 42,51,49,51,56,32,'C,'u,'r,'r,'e,'n,'t,'R,'e,'a
 0AE7 6454696D653100    .byte 'd,'T,'i,'m,'e,49,0
 0AEE           _strM3139::
 0AEE 2A333133392043757272656E74526561  .byte 42,51,49,51,57,32,'C,'u,'r,'r,'e,'n,'t,'R,'e,'a
 0AFE 6454696D653200    .byte 'd,'T,'i,'m,'e,50,0
 0B05           _strM3140::
 0B05 2A333134302043757272656E74526561  .byte 42,51,49,52,48,32,'C,'u,'r,'r,'e,'n,'t,'R,'e,'a
 0B15 644D6F64756C6500  .byte 'd,'M,'o,'d,'u,'l,'e,0
 0B1D           _strM3141::
 0B1D 2A333134312043757272656E7444726F  .byte 42,51,49,52,49,32,'C,'u,'r,'r,'e,'n,'t,'D,'r,'o
 0B2D 70566F6C756D6500  .byte 'p,'V,'o,'l,'u,'m,'e,0
 0B35           _strM3142::
 0B35 2A333134322043757272656E7444726F  .byte 42,51,49,52,50,32,'C,'u,'r,'r,'e,'n,'t,'D,'r,'o
 0B45 704D6F646500      .byte 'p,'M,'o,'d,'e,0
 0B4B           _strM3143::
 0B4B 2A333134332043757272656E7452654D  .byte 42,51,49,52,51,32,'C,'u,'r,'r,'e,'n,'t,'R,'e,'M
 0B5B 69784E756D00      .byte 'i,'x,'N,'u,'m,0
 0B61           _strM3144::
 0B61 2A333134342052654D69784E756D4E6F  .byte 42,51,49,52,52,32,'R,'e,'M,'i,'x,'N,'u,'m,'N,'o
 0B71 7455736500        .byte 't,'U,'s,'e,0
 0B76           _strM3145::
 0B76 2A333134352052654D69784D6F646553  .byte 42,51,49,52,53,32,'R,'e,'M,'i,'x,'M,'o,'d,'e,'S
 0B86 7461727400        .byte 't,'a,'r,'t,0
 0B8B           _strM3146::
 0B8B 2A333134362054657374426174636843  .byte 42,51,49,52,54,32,'T,'e,'s,'t,'B,'a,'t,'c,'h,'C
 0B9B 6865636B00        .byte 'h,'e,'c,'k,0
 0BA0           _strM3147::
 0BA0 2A3331343720437572496E7365727452  .byte 42,51,49,52,55,32,'C,'u,'r,'I,'n,'s,'e,'r,'t,'R
 0BB0 696E674E756D00    .byte 'i,'n,'g,'N,'u,'m,0
 0BB7           _strM3148::
 0BB7 2A33313438204375725465737452696E  .byte 42,51,49,52,56,32,'C,'u,'r,'T,'e,'s,'t,'R,'i,'n
 0BC7 674E756D00        .byte 'g,'N,'u,'m,0
 0BCC           _strM3149::
 0BCC 2A333134392047657443617264537461  .byte 42,51,49,52,57,32,'G,'e,'t,'C,'a,'r,'d,'S,'t,'a
 0BDC 746500            .byte 't,'e,0
 0BDF           _strM3150::
 0BDF 2A3331353020416C6C53746F72655374  .byte 42,51,49,53,48,32,'A,'l,'l,'S,'t,'o,'r,'e,'S,'t
 0BEF 61746500          .byte 'a,'t,'e,0
 0BF3           _strM3151::
 0BF3 2A333135312053706353746F72655374  .byte 42,51,49,53,49,32,'S,'p,'c,'S,'t,'o,'r,'e,'S,'t
 0C03 61746500          .byte 'a,'t,'e,0
 0C07           _strM3152::
 0C07 2A333135322043757272656E74536C65  .byte 42,51,49,53,50,32,'C,'u,'r,'r,'e,'n,'t,'S,'l,'e
 0C17 657054696D6500    .byte 'e,'p,'T,'i,'m,'e,0
 0C1E           _strM3153::
 0C1E 2A333135332053616D706C696E67436C  .byte 42,51,49,53,51,32,'S,'a,'m,'p,'l,'i,'n,'g,'C,'l
 0C2E 6F736500          .byte 'o,'s,'e,0
 0C32           _strM3154::
 0C32 2A333135342053616D706C696E674F70  .byte 42,51,49,53,52,32,'S,'a,'m,'p,'l,'i,'n,'g,'O,'p
 0C42 656E00            .byte 'e,'n,0
 0C45           _strM3155::
 0C45 2A33313535205365745265526561644F  .byte 42,51,49,53,53,32,'S,'e,'t,'R,'e,'R,'e,'a,'d,'O
 0C55 4B00              .byte 'K,0
 0C57           _strM3156::
 0C57 2A3331353620436C65616E4D6F646500  .byte 42,51,49,53,54,32,'C,'l,'e,'a,'n,'M,'o,'d,'e,0
 0C67           _strM3157::
 0C67 2A33313537205374617274436C65616E  .byte 42,51,49,53,55,32,'S,'t,'a,'r,'t,'C,'l,'e,'a,'n
 0C77 696E6700          .byte 'i,'n,'g,0
 0C7B           _strM3158::
 0C7B 2A333135382053746172745375706572  .byte 42,51,49,53,56,32,'S,'t,'a,'r,'t,'S,'u,'p,'e,'r
 0C8B 436C65616E696E6700        .byte 'C,'l,'e,'a,'n,'i,'n,'g,0
 0C94           _strM3159::
 0C94 2A333135392053657452656164436C6F  .byte 42,51,49,53,57,32,'S,'e,'t,'R,'e,'a,'d,'C,'l,'o
 0CA4 73654F4B00        .byte 's,'e,'O,'K,0
 0CA9           _strM3160::
 0CA9 2A33313630204D616E75616C5072696D  .byte 42,51,49,54,48,32,'M,'a,'n,'u,'a,'l,'P,'r,'i,'m
 0CB9 6544696C75656E74537461727400      .byte 'e,'D,'i,'l,'u,'e,'n,'t,'S,'t,'a,'r,'t,0
 0CC7           _strM3161::
 0CC7 2A33313631204D616E75616C5072696D  .byte 42,51,49,54,49,32,'M,'a,'n,'u,'a,'l,'P,'r,'i,'m
 0CD7 65466C7569645361727400    .byte 'e,'F,'l,'u,'i,'d,'S,'a,'r,'t,0
 0CE2           _strM3162::
 0CE2 2A33313632204D616E75616C5072696D  .byte 42,51,49,54,50,32,'M,'a,'n,'u,'a,'l,'P,'r,'i,'m
 0CF2 6544696C75656E74456E6400  .byte 'e,'D,'i,'l,'u,'e,'n,'t,'E,'n,'d,0
 0CFE           _strM3163::
 0CFE 2A33313633204D616E75616C5072696D  .byte 42,51,49,54,51,32,'M,'a,'n,'u,'a,'l,'P,'r,'i,'m
 0D0E 65466C756964456E6400      .byte 'e,'F,'l,'u,'i,'d,'E,'n,'d,0
 0D18           _strM3166::
 0D18 2A3331363620576974686F75744D6978  .byte 42,51,49,54,54,32,'W,'i,'t,'h,'o,'u,'t,'M,'i,'x
 0D28 7475726500        .byte 't,'u,'r,'e,0
 0D2D           _strM3167::
 0D2D 2A3331363720436C65616E696E67446F  .byte 42,51,49,54,55,32,'C,'l,'e,'a,'n,'i,'n,'g,'D,'o
 0D3D 6E6500            .byte 'n,'e,0
 0D40           _strM3168::
 0D40 2A33313638205375706572436C65616E  .byte 42,51,49,54,56,32,'S,'u,'p,'e,'r,'C,'l,'e,'a,'n
 0D50 696E67446F6E6500  .byte 'i,'n,'g,'D,'o,'n,'e,0
 0D58           _strM3169::
 0D58 2A3331363920436C65616E696E674661  .byte 42,51,49,54,57,32,'C,'l,'e,'a,'n,'i,'n,'g,'F,'a
 0D68 696C656400        .byte 'i,'l,'e,'d,0
 0D6D           _strM3170::
 0D6D 2A33313730205375706572436C65616E  .byte 42,51,49,55,48,32,'S,'u,'p,'e,'r,'C,'l,'e,'a,'n
 0D7D 696E674661696C656400      .byte 'i,'n,'g,'F,'a,'i,'l,'e,'d,0
 0D87           _strM3171::
 0D87 2A33313731204D616E75616C5072696D  .byte 42,51,49,55,49,32,'M,'a,'n,'u,'a,'l,'P,'r,'i,'m
 0D97 6544696C75656E744275737900        .byte 'e,'D,'i,'l,'u,'e,'n,'t,'B,'u,'s,'y,0
 0DA4           _strM3172::
 0DA4 2A33313732204D616E75616C5072696D  .byte 42,51,49,55,50,32,'M,'a,'n,'u,'a,'l,'P,'r,'i,'m
 0DB4 65466C7569644275737900    .byte 'e,'F,'l,'u,'i,'d,'B,'u,'s,'y,0
 0DBF           _strM3173::
 0DBF 2A33313733204D616E75616C466C7569  .byte 42,51,49,55,51,32,'M,'a,'n,'u,'a,'l,'F,'l,'u,'i
 0DCF 64436865636B4275737900    .byte 'd,'C,'h,'e,'c,'k,'B,'u,'s,'y,0
 0DDA           _strM3174::
 0DDA 2A333137342043757272656E74476574  .byte 42,51,49,55,52,32,'C,'u,'r,'r,'e,'n,'t,'G,'e,'t
 0DEA 566F6C756D65466F7244726F7000      .byte 'V,'o,'l,'u,'m,'e,'F,'o,'r,'D,'r,'o,'p,0
 0DF8           _strM3175::
 0DF8 2A333137352043757272656E744D6F6E  .byte 42,51,49,55,53,32,'C,'u,'r,'r,'e,'n,'t,'M,'o,'n
 0E08 69746F72537461746500      .byte 'i,'t,'o,'r,'S,'t,'a,'t,'e,0
 0E12           _strM3188::
 0E12 2A333138382043757272656E744E6565  .byte 42,51,49,56,56,32,'C,'u,'r,'r,'e,'n,'t,'N,'e,'e
 0E22 646C6541444300    .byte 'd,'l,'e,'A,'D,'C,0
 0E29           _strM3190::
 0E29 2A33313930205374616E64627900      .byte 42,51,49,57,48,32,'S,'t,'a,'n,'d,'b,'y,0
 0E37           _strM3191::
 0E37 2A333139312053616D70696E67536C65  .byte 42,51,49,57,49,32,'S,'a,'m,'p,'i,'n,'g,'S,'l,'e
 0E47 657000            .byte 'e,'p,0
 0E4A           _strM3194::
 0E4A 2A333139342043617264556E6C6F6164  .byte 42,51,49,57,52,32,'C,'a,'r,'d,'U,'n,'l,'o,'a,'d
 0E5A 436F756E74446F6E6500      .byte 'C,'o,'u,'n,'t,'D,'o,'n,'e,0
 0E64           _strM3195::
 0E64 2A3331393520436172644C6F6164436F  .byte 42,51,49,57,53,32,'C,'a,'r,'d,'L,'o,'a,'d,'C,'o
 0E74 756E74446F6E6500  .byte 'u,'n,'t,'D,'o,'n,'e,0
 0E7C           _strM3199::
 0E7C 2A333139392052654D6978547572654F  .byte 42,51,49,57,57,32,'R,'e,'M,'i,'x,'T,'u,'r,'e,'O
 0E8C 4B00              .byte 'K,0
 0E8E           _strM3200::
 0E8E 2A333230302050726573735374617274  .byte 42,51,50,48,48,32,'P,'r,'e,'s,'s,'S,'t,'a,'r,'t
 0E9E 4B6579446F6E6500  .byte 'K,'e,'y,'D,'o,'n,'e,0
 0EA6           _strM3201::
 0EA6 2A333230312044696C75746553746570  .byte 42,51,50,48,49,32,'D,'i,'l,'u,'t,'e,'S,'t,'e,'p
 0EB6 537461746500      .byte 'S,'t,'a,'t,'e,0
 0EBC           _strM3217::
 0EBC 2A333231372053616D706C6543686563  .byte 42,51,50,49,55,32,'S,'a,'m,'p,'l,'e,'C,'h,'e,'c
 0ECC 6B00              .byte 'k,0
 0ECE           _strM3218::
 0ECE 2A333231382044726F70566F6C756D65  .byte 42,51,50,49,56,32,'D,'r,'o,'p,'V,'o,'l,'u,'m,'e
 0EDE 466163746F7200    .byte 'F,'a,'c,'t,'o,'r,0
 0EE5           _strM3225::
 0EE5 2A3332323520426C6F6F64436F6C6C65  .byte 42,51,50,50,53,32,'B,'l,'o,'o,'d,'C,'o,'l,'l,'e
 0EF5 6374696F6E547562654F6E00  .byte 'c,'t,'i,'o,'n,'T,'u,'b,'e,'O,'n,0
 0F01           _strM3226::
 0F01 2A333232362050756E63747572654469  .byte 42,51,50,50,54,32,'P,'u,'n,'c,'t,'u,'r,'e,'D,'i
 0F11 7374616E6365446F6E6500    .byte 's,'t,'a,'n,'c,'e,'D,'o,'n,'e,0
 0F1C           _strM3227::
 0F1C 2A33323237204C69717569644C657665  .byte 42,51,50,50,55,32,'L,'i,'q,'u,'i,'d,'L,'e,'v,'e
 0F2C 6C56616C756500    .byte 'l,'V,'a,'l,'u,'e,0
 0F33           _strM3333::
 0F33 2A3333333320436172644E6F6E655573  .byte 42,51,51,51,51,32,'C,'a,'r,'d,'N,'o,'n,'e,'U,'s
 0F43 6566756C00        .byte 'e,'f,'u,'l,0
 0F48           _strE3902::
 0F48 2133393032204175746F4C65616E6572  .byte 33,51,57,48,50,32,'A,'u,'t,'o,'L,'e,'a,'n,'e,'r
 0F58 50756D7043616C69624572726F7200    .byte 'P,'u,'m,'p,'C,'a,'l,'i,'b,'E,'r,'r,'o,'r,0
 0F67           _strE3904::
 0F67 2133393034204175746F44696C75656E  .byte 33,51,57,48,52,32,'A,'u,'t,'o,'D,'i,'l,'u,'e,'n
 0F77 7450756D7043616C69624572726F7200  .byte 't,'P,'u,'m,'p,'C,'a,'l,'i,'b,'E,'r,'r,'o,'r,0
 0F87           _strE3905::
 0F87 213339303520436C65616E4D6F64654C  .byte 33,51,57,48,53,32,'C,'l,'e,'a,'n,'M,'o,'d,'e,'L
 0F97 65616E6572456D70747900    .byte 'e,'a,'n,'e,'r,'E,'m,'p,'t,'y,0
 0FA2           _strE3906::
 0FA2 21333930362057617374654361726453  .byte 33,51,57,48,54,32,'W,'a,'s,'t,'e,'C,'a,'r,'d,'S
 0FB2 746F726549734F70656E00    .byte 't,'o,'r,'e,'I,'s,'O,'p,'e,'n,0
 0FBD           _strE3911::
 0FBD 2133393131204D616E75616C4C65616E  .byte 33,51,57,49,49,32,'M,'a,'n,'u,'a,'l,'L,'e,'a,'n
 0FCD 657250756D7043616C69624572726F72  .byte 'e,'r,'P,'u,'m,'p,'C,'a,'l,'i,'b,'E,'r,'r,'o,'r
 0FDD 00                .byte 0
 0FDE           _strE3912::
 0FDE 2133393132204D616E75616C44696C75  .byte 33,51,57,49,50,32,'M,'a,'n,'u,'a,'l,'D,'i,'l,'u
 0FEE 656E7450756D7043616C69624572726F  .byte 'e,'n,'t,'P,'u,'m,'p,'C,'a,'l,'i,'b,'E,'r,'r,'o
 0FFE 7200              .byte 'r,0
 1000           _strE3925::
 1000 213339323520426C6F6F64436F6C6C65  .byte 33,51,57,50,53,32,'B,'l,'o,'o,'d,'C,'o,'l,'l,'e
 1010 6374696F6E547562654F666600        .byte 'c,'t,'i,'o,'n,'T,'u,'b,'e,'O,'f,'f,0
 101D           _strE3926::
 101D 21333932362050756E63747572654469  .byte 33,51,57,50,54,32,'P,'u,'n,'c,'t,'u,'r,'e,'D,'i
 102D 7374616E6365556E646F00    .byte 's,'t,'a,'n,'c,'e,'U,'n,'d,'o,0
 1038           _strE3927::
 1038 2133393237204E6F4C69717569644C65  .byte 33,51,57,50,55,32,'N,'o,'L,'i,'q,'u,'i,'d,'L,'e
 1048 76656C446574656374656400  .byte 'v,'e,'l,'D,'e,'t,'e,'c,'t,'e,'d,0
 1054           _strE3928::
 1054 213339323820436C65616E696E676865  .byte 33,51,57,50,56,32,'C,'l,'e,'a,'n,'i,'n,'g,'h,'e
 1064 6164706F6C6C7574696F6E00  .byte 'a,'d,'p,'o,'l,'l,'u,'t,'i,'o,'n,0
 1070           _strE3933::
 1070 21333933332043617264556E6C6F6164  .byte 33,51,57,51,51,32,'C,'a,'r,'d,'U,'n,'l,'o,'a,'d
 1080 436F756E744572726F7200    .byte 'C,'o,'u,'n,'t,'E,'r,'r,'o,'r,0
 108B           _strE3934::
 108B 213339333420436172644C6F6164436F  .byte 33,51,57,51,52,32,'C,'a,'r,'d,'L,'o,'a,'d,'C,'o
 109B 756E744572726F7200        .byte 'u,'n,'t,'E,'r,'r,'o,'r,0
 10A4           _strE3935::
 10A4 21333933352046696E6452696E674E75  .byte 33,51,57,51,53,32,'F,'i,'n,'d,'R,'i,'n,'g,'N,'u
 10B4 6D4572726F7200    .byte 'm,'E,'r,'r,'o,'r,0
 10BB           _strE3936::
 10BB 21333933362044726F70486569676874  .byte 33,51,57,51,54,32,'D,'r,'o,'p,'H,'e,'i,'g,'h,'t
 10CB 466163746F7249735472756E5A65726F  .byte 'F,'a,'c,'t,'o,'r,'I,'s,'T,'r,'u,'n,'Z,'e,'r,'o
 10DB 00                .byte 0
 10DC           _strM4101::
 10DC 2A34313031205475726E506C61746541  .byte 42,52,49,48,49,32,'T,'u,'r,'n,'P,'l,'a,'t,'e,'A
 10EC 646A757374526561647900    .byte 'd,'j,'u,'s,'t,'R,'e,'a,'d,'y,0
 10F7           _strM4102::
 10F7 2A34313032204E6565646C654F6E4D69  .byte 42,52,49,48,50,32,'N,'e,'e,'d,'l,'e,'O,'n,'M,'i
 1107 78536574446F6E6500        .byte 'x,'S,'e,'t,'D,'o,'n,'e,0
 1110           _strM4104::
 1110 2A343130342044726F70486569676874  .byte 42,52,49,48,52,32,'D,'r,'o,'p,'H,'e,'i,'g,'h,'t
 1120 536574446F6E6500  .byte 'S,'e,'t,'D,'o,'n,'e,0
 1128           _strM4105::
 1128 2A3431303520436172644C6F61645374  .byte 42,52,49,48,53,32,'C,'a,'r,'d,'L,'o,'a,'d,'S,'t
 1138 61727441646A757374526561647900    .byte 'a,'r,'t,'A,'d,'j,'u,'s,'t,'R,'e,'a,'d,'y,0
 1147           _strM4106::
 1147 2A3431303620436172644C6F6164456E  .byte 42,52,49,48,54,32,'C,'a,'r,'d,'L,'o,'a,'d,'E,'n
 1157 6441646A757374446F6E6500  .byte 'd,'A,'d,'j,'u,'s,'t,'D,'o,'n,'e,0
 1163           _strM4107::
 1163 2A343130372043617264556E6C6F6164  .byte 42,52,49,48,55,32,'C,'a,'r,'d,'U,'n,'l,'o,'a,'d
 1173 537461727441646A7573745265616479  .byte 'S,'t,'a,'r,'t,'A,'d,'j,'u,'s,'t,'R,'e,'a,'d,'y
 1183 00                .byte 0
 1184           _strM4108::
 1184 2A343130382043617264556E6C6F6164  .byte 42,52,49,48,56,32,'C,'a,'r,'d,'U,'n,'l,'o,'a,'d
 1194 456E6441646A757374446F6E6500      .byte 'E,'n,'d,'A,'d,'j,'u,'s,'t,'D,'o,'n,'e,0
 11A2           _strM4109::
 11A2 2A34313039204C697175696450686F74  .byte 42,52,49,48,57,32,'L,'i,'q,'u,'i,'d,'P,'h,'o,'t
 11B2 6F41646A757374526573756C7400      .byte 'o,'A,'d,'j,'u,'s,'t,'R,'e,'s,'u,'l,'t,0
 11C0           _strM4110::
 11C0 2A34313130204C697175696450686F74  .byte 42,52,49,49,48,32,'L,'i,'q,'u,'i,'d,'P,'h,'o,'t
 11D0 6F41646A757374446F6E6500  .byte 'o,'A,'d,'j,'u,'s,'t,'D,'o,'n,'e,0
 11DC           _strM4111::
 11DC 2A34313131204361726453746F726550  .byte 42,52,49,49,49,32,'C,'a,'r,'d,'S,'t,'o,'r,'e,'P
 11EC 686F746F41646A757374526573756C74  .byte 'h,'o,'t,'o,'A,'d,'j,'u,'s,'t,'R,'e,'s,'u,'l,'t
 11FC 00                .byte 0
 11FD           _strM4112::
 11FD 2A34313132204361726453746F726550  .byte 42,52,49,49,50,32,'C,'a,'r,'d,'S,'t,'o,'r,'e,'P
 120D 686F746F41646A757374446F6E6500    .byte 'h,'o,'t,'o,'A,'d,'j,'u,'s,'t,'D,'o,'n,'e,0
 121C           _strM4113::
 121C 2A34313133204C616D7041646A757374  .byte 42,52,49,49,51,32,'L,'a,'m,'p,'A,'d,'j,'u,'s,'t
 122C 446F6E6500        .byte 'D,'o,'n,'e,0
 1231           _strM4114::
 1231 2A34313134204C616D704C756D56616C  .byte 42,52,49,49,52,32,'L,'a,'m,'p,'L,'u,'m,'V,'a,'l
 1241 756500            .byte 'u,'e,0
 1244           _strM4115::
 1244 2A34313135204C616D705475726E4F6E  .byte 42,52,49,49,53,32,'L,'a,'m,'p,'T,'u,'r,'n,'O,'n
 1254 00                .byte 0
 1255           _strM4116::
 1255 2A34313136204C616D705475726E4F66  .byte 42,52,49,49,54,32,'L,'a,'m,'p,'T,'u,'r,'n,'O,'f
 1265 6600              .byte 'f,0
 1267           _strM4117::
 1267 2A343131372043616C6962526573756C  .byte 42,52,49,49,55,32,'C,'a,'l,'i,'b,'R,'e,'s,'u,'l
 1277 7400              .byte 't,0
 1279           _strM4118::
 1279 2A34313138204D697848656967687453  .byte 42,52,49,49,56,32,'M,'i,'x,'H,'e,'i,'g,'h,'t,'S
 1289 6574446F6E6500    .byte 'e,'t,'D,'o,'n,'e,0
 1290           _strM4119::
 1290 2A34313139204D697848656967687443  .byte 42,52,49,49,57,32,'M,'i,'x,'H,'e,'i,'g,'h,'t,'C
 12A0 6865636B446F6E6500        .byte 'h,'e,'c,'k,'D,'o,'n,'e,0
 12A9           _strM4120::
 12A9 2A34313230205475726E506C61746543  .byte 42,52,49,50,48,32,'T,'u,'r,'n,'P,'l,'a,'t,'e,'C
 12B9 6865636B446F6E6500        .byte 'h,'e,'c,'k,'D,'o,'n,'e,0
 12C2           _strM4121::
 12C2 2A34313231204E6565646C655475726E  .byte 42,52,49,50,49,32,'N,'e,'e,'d,'l,'e,'T,'u,'r,'n
 12D2 436865636B446F6E6500      .byte 'C,'h,'e,'c,'k,'D,'o,'n,'e,0
 12DC           _strM4122::
 12DC 2A34313232204E6565646C655570646F  .byte 42,52,49,50,50,32,'N,'e,'e,'d,'l,'e,'U,'p,'d,'o
 12EC 776E436865636B446F6E6500  .byte 'w,'n,'C,'h,'e,'c,'k,'D,'o,'n,'e,0
 12F8           _strM4123::
 12F8 2A34313233204361726453746F72654D  .byte 42,52,49,50,51,32,'C,'a,'r,'d,'S,'t,'o,'r,'e,'M
 1308 6F7665436865636B446F6E6500        .byte 'o,'v,'e,'C,'h,'e,'c,'k,'D,'o,'n,'e,0
 1315           _strM4124::
 1315 2A34313234204361726454616B65486F  .byte 42,52,49,50,52,32,'C,'a,'r,'d,'T,'a,'k,'e,'H,'o
 1325 6F6B436865636B446F6E6500  .byte 'o,'k,'C,'h,'e,'c,'k,'D,'o,'n,'e,0
 1331           _strM4125::
 1331 2A3431323520436172644C6F61644368  .byte 42,52,49,50,53,32,'C,'a,'r,'d,'L,'o,'a,'d,'C,'h
 1341 65636B446F6E6500  .byte 'e,'c,'k,'D,'o,'n,'e,0
 1349           _strM4126::
 1349 2A343132362043617264556E6C6F6164  .byte 42,52,49,50,54,32,'C,'a,'r,'d,'U,'n,'l,'o,'a,'d
 1359 436865636B446F6E6500      .byte 'C,'h,'e,'c,'k,'D,'o,'n,'e,0
 1363           _strM4127::
 1363 2A343132372054657374414C69667465  .byte 42,52,49,50,55,32,'T,'e,'s,'t,'A,'L,'i,'f,'t,'e
 1373 72436865636B446F6E6500    .byte 'r,'C,'h,'e,'c,'k,'D,'o,'n,'e,0
 137E           _strM4128::
 137E 2A343132382054657374424C69667465  .byte 42,52,49,50,56,32,'T,'e,'s,'t,'B,'L,'i,'f,'t,'e
 138E 72436865636B446F6E6500    .byte 'r,'C,'h,'e,'c,'k,'D,'o,'n,'e,0
 1399           _strM4129::
 1399 2A343132392044696C75656E7450756D  .byte 42,52,49,50,57,32,'D,'i,'l,'u,'e,'n,'t,'P,'u,'m
 13A9 70436865636B446F6E6500    .byte 'p,'C,'h,'e,'c,'k,'D,'o,'n,'e,0
 13B4           _strM4130::
 13B4 2A34313330204C65616E657250756D70  .byte 42,52,49,51,48,32,'L,'e,'a,'n,'e,'r,'P,'u,'m,'p
 13C4 436865636B446F6E6500      .byte 'C,'h,'e,'c,'k,'D,'o,'n,'e,0
 13CE           _strM4131::
 13CE 2A34313331204566666C75656E745075  .byte 42,52,49,51,49,32,'E,'f,'f,'l,'u,'e,'n,'t,'P,'u
 13DE 6D70436865636B446F6E6500  .byte 'm,'p,'C,'h,'e,'c,'k,'D,'o,'n,'e,0
 13EA           _strM4132::
 13EA 2A343133322053616D706C696E675372  .byte 42,52,49,51,50,32,'S,'a,'m,'p,'l,'i,'n,'g,'S,'r
 13FA 79696E67436865636B446F6E6500      .byte 'y,'i,'n,'g,'C,'h,'e,'c,'k,'D,'o,'n,'e,0
 1408           _strM4133::
 1408 2A34313333204C697175696450686F74  .byte 42,52,49,51,51,32,'L,'i,'q,'u,'i,'d,'P,'h,'o,'t
 1418 6F5369676E616C00  .byte 'o,'S,'i,'g,'n,'a,'l,0
 1420           _strM4134::
 1420 2A34313334204C697175696450686F74  .byte 42,52,49,51,52,32,'L,'i,'q,'u,'i,'d,'P,'h,'o,'t
 1430 6F436865636B446F6E6500    .byte 'o,'C,'h,'e,'c,'k,'D,'o,'n,'e,0
 143B           _strM4135::
 143B 2A34313335204361726453746F726550  .byte 42,52,49,51,53,32,'C,'a,'r,'d,'S,'t,'o,'r,'e,'P
 144B 686F746F5369676E616C00    .byte 'h,'o,'t,'o,'S,'i,'g,'n,'a,'l,0
 1456           _strM4136::
 1456 2A34313336204361726453746F726550  .byte 42,52,49,51,54,32,'C,'a,'r,'d,'S,'t,'o,'r,'e,'P
 1466 686F746F436865636B446F6E6500      .byte 'h,'o,'t,'o,'C,'h,'e,'c,'k,'D,'o,'n,'e,0
 1474           _strM4137::
 1474 2A34313337204E65656C654F6E4D6978  .byte 42,52,49,51,55,32,'N,'e,'e,'l,'e,'O,'n,'M,'i,'x
 1484 53696465436865636B446F6E6500      .byte 'S,'i,'d,'e,'C,'h,'e,'c,'k,'D,'o,'n,'e,0
 1492           _strM4138::
 1492 2A343133382044726F70486569676874  .byte 42,52,49,51,56,32,'D,'r,'o,'p,'H,'e,'i,'g,'h,'t
 14A2 436865636B446F6E6500      .byte 'C,'h,'e,'c,'k,'D,'o,'n,'e,0
 14AC           _strM4150::
 14AC 2A343135302044696C75656E74517561  .byte 42,52,49,53,48,32,'D,'i,'l,'u,'e,'n,'t,'Q,'u,'a
 14BC 6E7469667954657374526561647900    .byte 'n,'t,'i,'f,'y,'T,'e,'s,'t,'R,'e,'a,'d,'y,0
 14CB           _strM4151::
 14CB 2A343135312044696C75656E74517561  .byte 42,52,49,53,49,32,'D,'i,'l,'u,'e,'n,'t,'Q,'u,'a
 14DB 6E74696679546573745175697400      .byte 'n,'t,'i,'f,'y,'T,'e,'s,'t,'Q,'u,'i,'t,0
 14E9           _strM4152::
 14E9 2A34313532204C65616E65725175616E  .byte 42,52,49,53,50,32,'L,'e,'a,'n,'e,'r,'Q,'u,'a,'n
 14F9 7469667954657374526561647900      .byte 't,'i,'f,'y,'T,'e,'s,'t,'R,'e,'a,'d,'y,0
 1507           _strM4153::
 1507 2A34313533204C65616E65725175616E  .byte 42,52,49,53,51,32,'L,'e,'a,'n,'e,'r,'Q,'u,'a,'n
 1517 74696679546573745175697400        .byte 't,'i,'f,'y,'T,'e,'s,'t,'Q,'u,'i,'t,0
 1524           _strM4154::
 1524 2A34313534205175616E746966795375  .byte 42,52,49,53,52,32,'Q,'u,'a,'n,'t,'i,'f,'y,'S,'u
 1534 6374696F6E46696E69736800  .byte 'c,'t,'i,'o,'n,'F,'i,'n,'i,'s,'h,0
 1540           _strM4174::
 1540 2A34313734204C697175696444657453  .byte 42,52,49,55,52,32,'L,'i,'q,'u,'i,'d,'D,'e,'t,'S
 1550 69676E616C00      .byte 'i,'g,'n,'a,'l,0
 1556           _strM4175::
 1556 2A3431373520436172644C6F61644465  .byte 42,52,49,55,53,32,'C,'a,'r,'d,'L,'o,'a,'d,'D,'e
 1566 745369676E616C00  .byte 't,'S,'i,'g,'n,'a,'l,0
 156E           _strM4176::
 156E 2A343137362043617264556E6C6F6164  .byte 42,52,49,55,54,32,'C,'a,'r,'d,'U,'n,'l,'o,'a,'d
 157E 4465745369676E616C00      .byte 'D,'e,'t,'S,'i,'g,'n,'a,'l,0
 1588           _strM4199::
 1588 2A343139392043617264476574436865  .byte 42,52,49,57,57,32,'C,'a,'r,'d,'G,'e,'t,'C,'h,'e
 1598 636B446F6E6500    .byte 'c,'k,'D,'o,'n,'e,0
 159F           _strM4201::
 159F 2A343230312053656E736F7253746174  .byte 42,52,50,48,49,32,'S,'e,'n,'s,'o,'r,'S,'t,'a,'t
 15AF 6500              .byte 'e,0
 15B1           _strM4202::
 15B1 2A3432303220416C6C53656E736F7253  .byte 42,52,50,48,50,32,'A,'l,'l,'S,'e,'n,'s,'o,'r,'S
 15C1 7461746500        .byte 't,'a,'t,'e,0
 15C6           _strE4901::
 15C6 2134393031205475726E506C61746541  .byte 33,52,57,48,49,32,'T,'u,'r,'n,'P,'l,'a,'t,'e,'A
 15D6 646A7573744572726F7200    .byte 'd,'j,'u,'s,'t,'E,'r,'r,'o,'r,0
 15E1           _strE4902::
 15E1 2134393032204E6565646C654F6E4D69  .byte 33,52,57,48,50,32,'N,'e,'e,'d,'l,'e,'O,'n,'M,'i
 15F1 785369646541646A7573744572726F72  .byte 'x,'S,'i,'d,'e,'A,'d,'j,'u,'s,'t,'E,'r,'r,'o,'r
 1601 00                .byte 0
 1602           _strE4903::
 1602 2134393033204E6565646C654F6E4D69  .byte 33,52,57,48,51,32,'N,'e,'e,'d,'l,'e,'O,'n,'M,'i
 1612 7843656E74726541646A757374457272  .byte 'x,'C,'e,'n,'t,'r,'e,'A,'d,'j,'u,'s,'t,'E,'r,'r
 1622 6F7200            .byte 'o,'r,0
 1625           _strE4904::
 1625 2134393034204E6565646C6548656967  .byte 33,52,57,48,52,32,'N,'e,'e,'d,'l,'e,'H,'e,'i,'g
 1635 687441646A7573744572726F7200      .byte 'h,'t,'A,'d,'j,'u,'s,'t,'E,'r,'r,'o,'r,0
 1643           _strE4905::
 1643 213439303520436172644C6F61645374  .byte 33,52,57,48,53,32,'C,'a,'r,'d,'L,'o,'a,'d,'S,'t
 1653 61727441646A7573744572726F7200    .byte 'a,'r,'t,'A,'d,'j,'u,'s,'t,'E,'r,'r,'o,'r,0
 1662           _strE4906::
 1662 213439303620436172644C6F6164456E  .byte 33,52,57,48,54,32,'C,'a,'r,'d,'L,'o,'a,'d,'E,'n
 1672 6441646A7573744572726F7200        .byte 'd,'A,'d,'j,'u,'s,'t,'E,'r,'r,'o,'r,0
 167F           _strE4907::
 167F 21343930372043617264556E6C6F6164  .byte 33,52,57,48,55,32,'C,'a,'r,'d,'U,'n,'l,'o,'a,'d
 168F 537461727441646A7573744572726F72  .byte 'S,'t,'a,'r,'t,'A,'d,'j,'u,'s,'t,'E,'r,'r,'o,'r
 169F 00                .byte 0
 16A0           _strE4908::
 16A0 21343930382043617264556E6C6F6164  .byte 33,52,57,48,56,32,'C,'a,'r,'d,'U,'n,'l,'o,'a,'d
 16B0 456E6441646A7573744572726F7200    .byte 'E,'n,'d,'A,'d,'j,'u,'s,'t,'E,'r,'r,'o,'r,0
 16BF           _strE4909::
 16BF 21343930392043617264556E6C6F6164  .byte 33,52,57,48,57,32,'C,'a,'r,'d,'U,'n,'l,'o,'a,'d
 16CF 53656E736F724572726F7200  .byte 'S,'e,'n,'s,'o,'r,'E,'r,'r,'o,'r,0
 16DB           _strE4910::
 16DB 213439313020436172646C6F61645365  .byte 33,52,57,49,48,32,'C,'a,'r,'d,'l,'o,'a,'d,'S,'e
 16EB 6E736F724572726F7200      .byte 'n,'s,'o,'r,'E,'r,'r,'o,'r,0
 16F5           _strE4920::
 16F5 2134393230205475726E506C61746543  .byte 33,52,57,50,48,32,'T,'u,'r,'n,'P,'l,'a,'t,'e,'C
 1705 6865636B4572726F7200      .byte 'h,'e,'c,'k,'E,'r,'r,'o,'r,0
 170F           _strE4921::
 170F 2134393231204E6565646C655475726E  .byte 33,52,57,50,49,32,'N,'e,'e,'d,'l,'e,'T,'u,'r,'n
 171F 436865636B4572726F7200    .byte 'C,'h,'e,'c,'k,'E,'r,'r,'o,'r,0
 172A           _strE4922::
 172A 2134393232204E6565646C655570646F  .byte 33,52,57,50,50,32,'N,'e,'e,'d,'l,'e,'U,'p,'d,'o
 173A 776E436865636B4572726F7200        .byte 'w,'n,'C,'h,'e,'c,'k,'E,'r,'r,'o,'r,0
 1747           _strE4923::
 1747 2134393233204361726453746F72654D  .byte 33,52,57,50,51,32,'C,'a,'r,'d,'S,'t,'o,'r,'e,'M
 1757 6F7665436865636B4572726F7200      .byte 'o,'v,'e,'C,'h,'e,'c,'k,'E,'r,'r,'o,'r,0
 1765           _strE4924::
 1765 2134393234204361726454616B654368  .byte 33,52,57,50,52,32,'C,'a,'r,'d,'T,'a,'k,'e,'C,'h
 1775 65636B4572726F7200        .byte 'e,'c,'k,'E,'r,'r,'o,'r,0
 177E           _strE4925::
 177E 213439323520436172644C6F61644368  .byte 33,52,57,50,53,32,'C,'a,'r,'d,'L,'o,'a,'d,'C,'h
 178E 65636B4572726F7200        .byte 'e,'c,'k,'E,'r,'r,'o,'r,0
 1797           _strE4926::
 1797 21343932362043617264556E6C6F6164  .byte 33,52,57,50,54,32,'C,'a,'r,'d,'U,'n,'l,'o,'a,'d
 17A7 436865636B4572726F7200    .byte 'C,'h,'e,'c,'k,'E,'r,'r,'o,'r,0
 17B2           _strE4927::
 17B2 21343932372054657374414C69667465  .byte 33,52,57,50,55,32,'T,'e,'s,'t,'A,'L,'i,'f,'t,'e
 17C2 72436865636B4572726F7200  .byte 'r,'C,'h,'e,'c,'k,'E,'r,'r,'o,'r,0
 17CE           _strE4928::
 17CE 21343932382054657374424C69667465  .byte 33,52,57,50,56,32,'T,'e,'s,'t,'B,'L,'i,'f,'t,'e
 17DE 72436865636B4572726F7200  .byte 'r,'C,'h,'e,'c,'k,'E,'r,'r,'o,'r,0
 17EA           _strE4929::
 17EA 21343932392044696C75656E7450756D  .byte 33,52,57,50,57,32,'D,'i,'l,'u,'e,'n,'t,'P,'u,'m
 17FA 70436865636B4572726F7200  .byte 'p,'C,'h,'e,'c,'k,'E,'r,'r,'o,'r,0
 1806           _strE4930::
 1806 2134393330204C65616E657250756D70  .byte 33,52,57,51,48,32,'L,'e,'a,'n,'e,'r,'P,'u,'m,'p
 1816 436865636B4572726F7200    .byte 'C,'h,'e,'c,'k,'E,'r,'r,'o,'r,0
 1821           _strE4931::
 1821 2134393331204566666C75656E745075  .byte 33,52,57,51,49,32,'E,'f,'f,'l,'u,'e,'n,'t,'P,'u
 1831 6D70436865636B4572726F7200        .byte 'm,'p,'C,'h,'e,'c,'k,'E,'r,'r,'o,'r,0
 183E           _strE4932::
 183E 21343933322053616D706C696E675372  .byte 33,52,57,51,50,32,'S,'a,'m,'p,'l,'i,'n,'g,'S,'r
 184E 79696E67436865636B4572726F7200    .byte 'y,'i,'n,'g,'C,'h,'e,'c,'k,'E,'r,'r,'o,'r,0
 185D           ; #include "B1404_LIB.h"
 185D           ; #include "Common.h"
 185D           ; 
 185D           ; #ifndef Puncture
 185D           ; _CONST char strVersion[] = "20170622 by version 1.0.0.7";
 185D           ; #else
 185D           ; _CONST char strVersion[] = "20170531 by version 1.0.0.4 for Puncture";
 185D           ; #endif
 185D           ; 
 185D           ; _CONST char strM0100[] = "*0100 RAP01PowerOn";
 185D           ; _CONST char strM0101[] = "*0101 PAR01Start";
 185D           ; _CONST char strM0102[] = "*0102 SlaveOK";
 185D           ; _CONST char strM0103[] = "*0103 SlaveConfigOK";
 185D           ; _CONST char strM0104[] = "*0104 RAP01StartOK";
 185D           ; 
 185D           ; //_CONST char strM0105[] = "*0105 Suspend";
 185D           ; //_CONST char strM0106[] = "*0106 Recover";
 185D           ; 
 185D           ; _CONST char strM0105[] = "*0105 Recover";
 185D           ; _CONST char strM0106[] = "*0106 Suspend";
 185D           ; 
 185D           ; _CONST char strM0110[] = "*0110 CurrentWork";
 185D           ; _CONST char strM0111[] = "*0111 StoreHumiture";
 185D           ; _CONST char strM0112[] = "*0112 CardStoreBusy";
 185D           ; _CONST char strM0199[] = "*0199 ReStart";
 185D           ; _CONST char strM0200[] = "*0200 DustbinState";
 185D           ; _CONST char strE0901[] = "!0901 SlaveConnectError";
 185D           ; _CONST char strE0902[] = "!0902 SlaveConfigError";
 185D           ; _CONST char strE0903[] = "!0903 RAP01StartFail";
 185D           ; 
 185D           ; _CONST char strE0910[] = "!0910 StoreOpenError";
 185D           ; 
 185D           ; _CONST char strM1101[] = "*1101 MachineRead";
 185D           ; 
 185D           ; _CONST char strE1901[] = "!1901 MotorError";
 185D           ; _CONST char strE1910[] = "!1910 TurnplateMotorLose";
 185D           ; _CONST char strE1911[] = "!1911 SamplingTurnMotorLose";
 185D           ; _CONST char strE1912[] = "!1912 SamplingNeedleMotorLose";
 185D           ; _CONST char strE1913[] = "!1913 CardLoadingMotorLose";
 185D           ; _CONST char strE1914[] = "!1914 CardUnLoadingMotorLose";
 185D           ; _CONST char strE1915[] = "!1915 CardLifterAMotorLose";
 185D           ; _CONST char strE1916[] = "!1916 CardLifterBMotorLose";
 185D           ; _CONST char strE1917[] = "!1917 CardStoreMoveMotorLose";
 185D           ; _CONST char strE1918[] = "!1918 DilutePumpMotorLose";
 185D           ; _CONST char strE1919[] = "!1919 LeanerPumpMotorLose";
 185D           ; _CONST char strE1920[] = "!1920 EffluentPumpMotorLose";
 185D           ; _CONST char strE1921[] = "!1921 SamplingSyringmotorLose";
 185D           ; 
 185D           ; _CONST char strE1930[] = "!1930 TurnplateMotorError";
 185D           ; _CONST char strE1931[] = "!1931 SamplingTurnMotorError";
 185D           ; _CONST char strE1932[] = "!1932 SamplingNeedleMotorError";
 185D           ; _CONST char strE1933[] = "!1933 CardLoadingMotorError";
 185D           ; _CONST char strE1934[] = "!1934 CardUnLoadingMotorError";
 185D           ; _CONST char strE1935[] = "!1935 CardLifterAMotorError";
 185D           ; _CONST char strE1936[] = "!1936 CardLifterBMotorError";
 185D           ; _CONST char strE1937[] = "!1937 CardStoreMoveMotorError";
 185D           ; _CONST char strE1938[] = "!1938 DilutePumpMotorError";
 185D           ; _CONST char strE1939[] = "!1939 LeanerPumpMotorError";
 185D           ; _CONST char strE1940[] = "!1940 EffluentPumpMotorError";
 185D           ; _CONST char strE1941[] = "!1941 SamplingSyringmotorError";
 185D           ; 
 185D           ; _CONST char strM2100[] = "*2100 StartLiquidCheck";
 185D           ; _CONST char strM2101[] = "*2101 PrimingLeanerDone";
 185D           ; _CONST char strM2102[] = "*2102 PrimingDiluentDone";
 185D           ; _CONST char strM2103[] = "*2103 CardUnloadInitDone";
 185D           ; _CONST char strM2104[] = "*2104 TurnPlateInitDone";
 185D           ; _CONST char strM2105[] = "*2105 LeanerSupply";
 185D           ; _CONST char strM2106[] = "*2106 DiluentSupply";
 185D           ; _CONST char strM2107[] = "*2107 TurnPlateZeroDone";
 185D           ; _CONST char strM2108[] = "*2108 CardStoreMoveInitDone";
 185D           ; _CONST char strM2109[] = "*2109 NeedleUpDownInitDone";
 185D           ; 
 185D           ; _CONST char strM2110[] = "*2110 DiluentPumpCalibValue";
 185D           ; _CONST char strM2111[] = "*2111 LeanerPumpCalibValue";
 185D           ; _CONST char strM2112[] = "*2112 EffluentPumpCalibValue";
 185D           ; _CONST char strM2113[] = "*2113 NeedleTurnInitDone";
 185D           ; _CONST char strM2114[] = "*2114 PlateCardUnloadDone";
 185D           ; _CONST char strM2115[] = "*2115 CardMoveHasCard";
 185D           ; _CONST char strM2116[] = "*2116 CardMoveCardUnloadDone";
 185D           ; _CONST char strM2117[] = "*2117 CardMoveAndPlateReady";
 185D           ; _CONST char strM2118[] = "*2118 SampPumpInitDone";
 185D           ; 
 185D           ; _CONST char strM2120[] = "*2120 LiquidCheckDone";
 185D           ; 
 185D           ; _CONST char strM2150[] = "*2150 CapDetectedCheck";
 185D           ; 
 185D           ; _CONST char strE2505[] = "!2505 LeanerLack";
 185D           ; _CONST char strE2506[] = "!2506 DiluentLack";
 185D           ; 
 185D           ; _CONST char strE2901[] = "!2901 PrimingLeanerError";
 185D           ; _CONST char strE2902[] = "!2902 PrimingDiluentError";
 185D           ; 
 185D           ; _CONST char strE2904[] = "!2904 WashLineError";
 185D           ; _CONST char strE2905[] = "!2905 NeedlerLineError";
 185D           ; _CONST char strE2906[] = "!2906 DiluentLineError";
 185D           ; //_CONST char strE2907[] = "!2907 LeanerLIneError";
 185D           ; _CONST char strE2908[] = "!2908 DrainLineError";
 185D           ; 
 185D           ; //_CONST char strE2910[] = "!2910 DiluentPumpCalibError";
 185D           ; //_CONST char strE2911[] = "!2911 LeanerPumpCalibError";
 185D           ; _CONST char strE2912[] = "!2912 EffluentPumpCalibError";
 185D           ; 
 185D           ; _CONST char strE2920[] = "!2920 LiquidCheckError";
 185D           ; 
 185D           ; _CONST char strE2950[] = "!2950 CapDetectedError";
 185D           ; _CONST char strE2951[] = "!2951 CapDetectedInvalid";
 185D           ; _CONST char strE2952[] = "!2952 DiluentSupplyEmpty";
 185D           ; _CONST char strE2953[] = "!2953 LeanerSupplyEmpty";
 185D           ; _CONST char strE2954[] = "!2954 DiluentAndLeanerSupplyEmpty";
 185D           ; _CONST char strE2955[] = "!2955 DiluentSupplyBubble";
 185D           ; _CONST char strE2956[] = "!2956 LeanerSupplyBubble";
 185D           ; 
 185D           ; _CONST char strM3100[] = "*3100 Startup";
 185D           ; _CONST char strM3101[] = "*3101 PleasePressStartKey";
 185D           ; _CONST char strM3102[] = "*3102 SampReady";
 185D           ; _CONST char strM3103[] = "*3103 SamplingStart";
 185D           ; _CONST char strM3104[] = "*3104 SamplingDone";
 185D           ; _CONST char strM3105[] = "*3105 GetCardDone";
 185D           ; _CONST char strM3106[] = "*3106 CardReady";
 185D           ; _CONST char strM3107[] = "*3107 Mixing1Start";
 185D           ; _CONST char strM3108[] = "*3108 Mixing2Start";
 185D           ; _CONST char strM3109[] = "*3109 MixReady";
 185D           ; 
 185D           ; _CONST char strM3110[] = "*3110 DeterminandReady";
 185D           ; _CONST char strM3111[] = "*3111 TestStart";
 185D           ; _CONST char strM3112[] = "*3112 ReadAStart";
 185D           ; _CONST char strM3113[] = "*3113 ReadBStart";
 185D           ; _CONST char strM3114[] = "*3114 ReadAClose";
 185D           ; _CONST char strM3115[] = "*3115 ReadBClose";
 185D           ; _CONST char strM3116[] = "*3116 CardUnload";
 185D           ; _CONST char strM3117[] = "*3117 CardUnloadAgain";
 185D           ; _CONST char strM3118[] = "*3118 WasteCardNonUseful";
 185D           ; _CONST char strM3119[] = "*3119 WithoutPunctureState";
 185D           ; 
 185D           ; _CONST char strM3120[] = "*3120 TestState";
 185D           ; _CONST char strM3121[] = "*3121 CurrentSamplingVolume";
 185D           ; _CONST char strM3122[] = "*3122 CardInserPlateDone";
 185D           ; _CONST char strM3123[] = "*3123 CurrentWaitPhotoFlag";
 185D           ; _CONST char strM3124[] = "*3124 CurrentCardScanfPos";
 185D           ; _CONST char strM3125[] = "*3125 SetGetCardTest";
 185D           ; _CONST char strM3126[] = "*3126 CardStoreGetCardRestart";
 185D           ; _CONST char strM3127[] = "*3127 CardStoreGetCardDone";
 185D           ; _CONST char strM3128[] = "*3128 CardStoreGetCardNum";
 185D           ; _CONST char strM3129[] = "*3129 CloseGetCardTest";
 185D           ; 
 185D           ; _CONST char strM3130[] = "*3130 CardStoreOpen";
 185D           ; _CONST char strM3131[] = "*3131 CardStoreClose";
 185D           ; _CONST char strM3132[] = "*3132 CardStoreFull";
 185D           ; _CONST char strM3133[] = "*3133 CardStoreLittle";
 185D           ; _CONST char strM3134[] = "*3134 CardStoreEmpty";
 185D           ; _CONST char strM3135[] = "*3135 PleaseCloseCardStore";
 185D           ; _CONST char strM3136[] = "*3136 CurrentDiluteRatio";
 185D           ; _CONST char strM3137[] = "*3137 CurrentCardStoreNum";
 185D           ; _CONST char strM3138[] = "*3138 CurrentReadTime1";
 185D           ; _CONST char strM3139[] = "*3139 CurrentReadTime2";
 185D           ; 
 185D           ; _CONST char strM3140[] = "*3140 CurrentReadModule";
 185D           ; _CONST char strM3141[] = "*3141 CurrentDropVolume";
 185D           ; _CONST char strM3142[] = "*3142 CurrentDropMode";
 185D           ; _CONST char strM3143[] = "*3143 CurrentReMixNum"; 
 185D           ; _CONST char strM3144[] = "*3144 ReMixNumNotUse";
 185D           ; _CONST char strM3145[] = "*3145 ReMixModeStart";
 185D           ; _CONST char strM3146[] = "*3146 TestBatchCheck";
 185D           ; _CONST char strM3147[] = "*3147 CurInsertRingNum";
 185D           ; _CONST char strM3148[] = "*3148 CurTestRingNum";
 185D           ; _CONST char strM3149[] = "*3149 GetCardState";
 185D           ; 
 185D           ; _CONST char strM3150[] = "*3150 AllStoreState";
 185D           ; _CONST char strM3151[] = "*3151 SpcStoreState";
 185D           ; _CONST char strM3152[] = "*3152 CurrentSleepTime";
 185D           ; _CONST char strM3153[] = "*3153 SamplingClose";
 185D           ; _CONST char strM3154[] = "*3154 SamplingOpen";
 185D           ; _CONST char strM3155[] = "*3155 SetReReadOK";
 185D           ; _CONST char strM3156[] = "*3156 CleanMode";
 185D           ; _CONST char strM3157[] = "*3157 StartCleaning";
 185D           ; _CONST char strM3158[] = "*3158 StartSuperCleaning";
 185D           ; _CONST char strM3159[] = "*3159 SetReadCloseOK";
 185D           ; 
 185D           ; _CONST char strM3160[] = "*3160 ManualPrimeDiluentStart";
 185D           ; _CONST char strM3161[] = "*3161 ManualPrimeFluidSart";
 185D           ; _CONST char strM3162[] = "*3162 ManualPrimeDiluentEnd";
 185D           ; _CONST char strM3163[] = "*3163 ManualPrimeFluidEnd";
 185D           ; //_CONST char strM3164[] = "*3164 DiluentCheckStart";
 185D           ; //_CONST char strM3165[] = "*3165 DiluentCheckEnd";
 185D           ; _CONST char strM3166[] = "*3166 WithoutMixture";
 185D           ; _CONST char strM3167[] = "*3167 CleaningDone";
 185D           ; _CONST char strM3168[] = "*3168 SuperCleaningDone";
 185D           ; _CONST char strM3169[] = "*3169 CleaningFailed";
 185D           ; 
 185D           ; _CONST char strM3170[] = "*3170 SuperCleaningFailed";
 185D           ; _CONST char strM3171[] = "*3171 ManualPrimeDiluentBusy";
 185D           ; _CONST char strM3172[] = "*3172 ManualPrimeFluidBusy";
 185D           ; _CONST char strM3173[] = "*3173 ManualFluidCheckBusy";
 185D           ; _CONST char strM3174[] = "*3174 CurrentGetVolumeForDrop";
 185D           ; _CONST char strM3175[] = "*3175 CurrentMonitorState";
 185D           ; 
 185D           ; _CONST char strM3188[] = "*3188 CurrentNeedleADC";
 185D           ; 
 185D           ; _CONST char strM3190[] = "*3190 Standby";
 185D           ; _CONST char strM3191[] = "*3191 SampingSleep";
 185D           ; 
 185D           ; _CONST char strM3194[] = "*3194 CardUnloadCountDone";
 185D           ; _CONST char strM3195[] = "*3195 CardLoadCountDone";
 185D           ; 
 185D           ; _CONST char strM3199[] = "*3199 ReMixTureOK";
 185D           ; 
 185D           ; _CONST char strM3200[] = "*3200 PressStartKeyDone";
 185D           ; _CONST char strM3201[] = "*3201 DiluteStepState";
 185D           ; 
 185D           ; 
 185D           ; _CONST char strM3217[] = "*3217 SampleCheck";
 185D           ; _CONST char strM3218[] = "*3218 DropVolumeFactor";
 185D           ; 
 185D           ; _CONST char strM3225[] = "*3225 BloodCollectionTubeOn";
 185D           ; _CONST char strM3226[] = "*3226 PunctureDistanceDone";
 185D           ; _CONST char strM3227[] = "*3227 LiquidLevelValue";
 185D           ; 
 185D           ; 
 185D           ; _CONST char strM3333[] = "*3333 CardNoneUseful";
 185D           ; 
 185D           ; _CONST char strE3902[] = "!3902 AutoLeanerPumpCalibError";
 185D           ; 
 185D           ; _CONST char strE3904[] = "!3904 AutoDiluentPumpCalibError";
 185D           ; _CONST char strE3905[] = "!3905 CleanModeLeanerEmpty";
 185D           ; _CONST char strE3906[] = "!3906 WasteCardStoreIsOpen";
 185D           ; 
 185D           ; _CONST char strE3911[] = "!3911 ManualLeanerPumpCalibError";
 185D           ; _CONST char strE3912[] = "!3912 ManualDiluentPumpCalibError";
 185D           ; 
 185D           ; 
 185D           ; _CONST char strE3925[] = "!3925 BloodCollectionTubeOff";
 185D           ; _CONST char strE3926[] = "!3926 PunctureDistanceUndo";
 185D           ; _CONST char strE3927[] = "!3927 NoLiquidLevelDetected";
 185D           ; _CONST char strE3928[] = "!3928 Cleaningheadpollution";
 185D           ; 
 185D           ; _CONST char strE3933[] = "!3933 CardUnloadCountError";
 185D           ; _CONST char strE3934[] = "!3934 CardLoadCountError";
 185D           ; _CONST char strE3935[] = "!3935 FindRingNumError";
 185D           ; _CONST char strE3936[] = "!3936 DropHeightFactorIsTrunZero";
 185D           ; 
 185D           ; _CONST char strM4101[] = "*4101 TurnPlateAdjustReady";
 185D           ; _CONST char strM4102[] = "*4102 NeedleOnMixSetDone";
 185D           ; _CONST char strM4104[] = "*4104 DropHeightSetDone";
 185D           ; _CONST char strM4105[] = "*4105 CardLoadStartAdjustReady";
 185D           ; _CONST char strM4106[] = "*4106 CardLoadEndAdjustDone";
 185D           ; _CONST char strM4107[] = "*4107 CardUnloadStartAdjustReady";
 185D           ; _CONST char strM4108[] = "*4108 CardUnloadEndAdjustDone";
 185D           ; _CONST char strM4109[] = "*4109 LiquidPhotoAdjustResult";
 185D           ; _CONST char strM4110[] = "*4110 LiquidPhotoAdjustDone";
 185D           ; _CONST char strM4111[] = "*4111 CardStorePhotoAdjustResult";
 185D           ; _CONST char strM4112[] = "*4112 CardStorePhotoAdjustDone";
 185D           ; _CONST char strM4113[] = "*4113 LampAdjustDone";
 185D           ; _CONST char strM4114[] = "*4114 LampLumValue";
 185D           ; _CONST char strM4115[] = "*4115 LampTurnOn";
 185D           ; _CONST char strM4116[] = "*4116 LampTurnOff";
 185D           ; _CONST char strM4117[] = "*4117 CalibResult";
 185D           ; _CONST char strM4118[] = "*4118 MixHeightSetDone";
 185D           ; _CONST char strM4119[] = "*4119 MixHeightCheckDone";
 185D           ; _CONST char strM4120[] = "*4120 TurnPlateCheckDone";
 185D           ; _CONST char strM4121[] = "*4121 NeedleTurnCheckDone";
 185D           ; _CONST char strM4122[] = "*4122 NeedleUpdownCheckDone";
 185D           ; _CONST char strM4123[] = "*4123 CardStoreMoveCheckDone";
 185D           ; _CONST char strM4124[] = "*4124 CardTakeHookCheckDone";
 185D           ; _CONST char strM4125[] = "*4125 CardLoadCheckDone";
 185D           ; _CONST char strM4126[] = "*4126 CardUnloadCheckDone";
 185D           ; _CONST char strM4127[] = "*4127 TestALifterCheckDone";
 185D           ; _CONST char strM4128[] = "*4128 TestBLifterCheckDone";
 185D           ; _CONST char strM4129[] = "*4129 DiluentPumpCheckDone";
 185D           ; _CONST char strM4130[] = "*4130 LeanerPumpCheckDone";
 185D           ; _CONST char strM4131[] = "*4131 EffluentPumpCheckDone";
 185D           ; _CONST char strM4132[] = "*4132 SamplingSryingCheckDone";
 185D           ; _CONST char strM4133[] = "*4133 LiquidPhotoSignal";
 185D           ; _CONST char strM4134[] = "*4134 LiquidPhotoCheckDone";
 185D           ; _CONST char strM4135[] = "*4135 CardStorePhotoSignal";
 185D           ; _CONST char strM4136[] = "*4136 CardStorePhotoCheckDone";
 185D           ; _CONST char strM4137[] = "*4137 NeeleOnMixSideCheckDone";
 185D           ; _CONST char strM4138[] = "*4138 DropHeightCheckDone";
 185D           ; 
 185D           ; 
 185D           ; _CONST char strM4150[] = "*4150 DiluentQuantifyTestReady";
 185D           ; _CONST char strM4151[] = "*4151 DiluentQuantifyTestQuit";
 185D           ; _CONST char strM4152[] = "*4152 LeanerQuantifyTestReady";
 185D           ; _CONST char strM4153[] = "*4153 LeanerQuantifyTestQuit";
 185D           ; _CONST char strM4154[] = "*4154 QuantifySuctionFinish";
 185D           ; 
 185D           ; _CONST char strM4174[] = "*4174 LiquidDetSignal";
 185D           ; _CONST char strM4175[] = "*4175 CardLoadDetSignal";
 185D           ; _CONST char strM4176[] = "*4176 CardUnloadDetSignal";
 185D           ; 
 185D           ; _CONST char strM4199[] = "*4199 CardGetCheckDone";
 185D           ; 
 185D           ; _CONST char strM4201[] = "*4201 SensorState";
 185D           ; _CONST char strM4202[] = "*4202 AllSensorState";
 185D           ; 
 185D           ; _CONST char strE4901[] = "!4901 TurnPlateAdjustError";
 185D           ; _CONST char strE4902[] = "!4902 NeedleOnMixSideAdjustError";
 185D           ; _CONST char strE4903[] = "!4903 NeedleOnMixCentreAdjustError";
 185D           ; _CONST char strE4904[] = "!4904 NeedleHeightAdjustError";
 185D           ; _CONST char strE4905[] = "!4905 CardLoadStartAdjustError";
 185D           ; _CONST char strE4906[] = "!4906 CardLoadEndAdjustError";
 185D           ; _CONST char strE4907[] = "!4907 CardUnloadStartAdjustError";
 185D           ; _CONST char strE4908[] = "!4908 CardUnloadEndAdjustError";
 185D           ; _CONST char strE4909[] = "!4909 CardUnloadSensorError";
 185D           ; _CONST char strE4910[] = "!4910 CardloadSensorError";
 185D           ; 
 185D           ; _CONST char strE4920[] = "!4920 TurnPlateCheckError";
 185D           ; _CONST char strE4921[] = "!4921 NeedleTurnCheckError";
 185D           ; _CONST char strE4922[] = "!4922 NeedleUpdownCheckError";
 185D           ; _CONST char strE4923[] = "!4923 CardStoreMoveCheckError";
 185D           ; _CONST char strE4924[] = "!4924 CardTakeCheckError";
 185D           ; _CONST char strE4925[] = "!4925 CardLoadCheckError";
 185D           ; _CONST char strE4926[] = "!4926 CardUnloadCheckError";
 185D           ; _CONST char strE4927[] = "!4927 TestALifterCheckError";
 185D           ; _CONST char strE4928[] = "!4928 TestBLifterCheckError";
 185D           ; _CONST char strE4929[] = "!4929 DiluentPumpCheckError";
 185D           ; _CONST char strE4930[] = "!4930 LeanerPumpCheckError";
 185D           ; _CONST char strE4931[] = "!4931 EffluentPumpCheckError";
 185D           ; _CONST char strE4932[] = "!4932 SamplingSryingCheckError";
 185D           ; 
 185D           ; 
 185D           ; 
 185D           ; 
